have_header: checking for stdio.h... -------------------- yes

LD_LIBRARY_PATH=.:/home/daniele/.rbenv/versions/3.1.4/lib "gcc -o conftest -I/home/daniele/.rbenv/versions/3.1.4/include/ruby-3.1.0/x86_64-linux -I/home/daniele/.rbenv/versions/3.1.4/include/ruby-3.1.0/ruby/backward -I/home/daniele/.rbenv/versions/3.1.4/include/ruby-3.1.0 -I../../../../ext/securescan    -O3 -fno-fast-math -ggdb3 -Wall -Wextra -Wdeprecated-declarations -Wduplicated-cond -Wimplicit-function-declaration -Wimplicit-int -Wmisleading-indentation -Wpointer-arith -Wwrite-strings -Wold-style-definition -Wimplicit-fallthrough=0 -Wmissing-noreturn -Wno-cast-function-type -Wno-constant-logical-operand -Wno-long-long -Wno-missing-field-initializers -Wno-overlength-strings -Wno-packed-bitfield-compat -Wno-parentheses-equality -Wno-self-assign -Wno-tautological-compare -Wno-unused-parameter -Wno-unused-value -Wsuggest-attribute=format -Wsuggest-attribute=noreturn -Wunused-variable -Wundef  -fPIC conftest.c  -L. -L/home/daniele/.rbenv/versions/3.1.4/lib -Wl,-rpath,/home/daniele/.rbenv/versions/3.1.4/lib -L. -fstack-protector-strong -rdynamic -Wl,-export-dynamic -Wl,--no-as-needed     -Wl,-rpath,/home/daniele/.rbenv/versions/3.1.4/lib -L/home/daniele/.rbenv/versions/3.1.4/lib -lruby  -lm  -lc"
checked program was:
/* begin */
1: #include "ruby.h"
2: 
3: int main(int argc, char **argv)
4: {
5:   return !!argv[argc];
6: }
/* end */

LD_LIBRARY_PATH=.:/home/daniele/.rbenv/versions/3.1.4/lib "gcc -I/home/daniele/.rbenv/versions/3.1.4/include/ruby-3.1.0/x86_64-linux -I/home/daniele/.rbenv/versions/3.1.4/include/ruby-3.1.0/ruby/backward -I/home/daniele/.rbenv/versions/3.1.4/include/ruby-3.1.0 -I../../../../ext/securescan    -O3 -fno-fast-math -ggdb3 -Wall -Wextra -Wdeprecated-declarations -Wduplicated-cond -Wimplicit-function-declaration -Wimplicit-int -Wmisleading-indentation -Wpointer-arith -Wwrite-strings -Wold-style-definition -Wimplicit-fallthrough=0 -Wmissing-noreturn -Wno-cast-function-type -Wno-constant-logical-operand -Wno-long-long -Wno-missing-field-initializers -Wno-overlength-strings -Wno-packed-bitfield-compat -Wno-parentheses-equality -Wno-self-assign -Wno-tautological-compare -Wno-unused-parameter -Wno-unused-value -Wsuggest-attribute=format -Wsuggest-attribute=noreturn -Wunused-variable -Wundef  -fPIC   -c conftest.c"
checked program was:
/* begin */
1: #include "ruby.h"
2: 
3: #include <stdio.h>
/* end */

--------------------

have_header: checking for regex.h... -------------------- yes

LD_LIBRARY_PATH=.:/home/daniele/.rbenv/versions/3.1.4/lib "gcc -I/home/daniele/.rbenv/versions/3.1.4/include/ruby-3.1.0/x86_64-linux -I/home/daniele/.rbenv/versions/3.1.4/include/ruby-3.1.0/ruby/backward -I/home/daniele/.rbenv/versions/3.1.4/include/ruby-3.1.0 -I../../../../ext/securescan    -O3 -fno-fast-math -ggdb3 -Wall -Wextra -Wdeprecated-declarations -Wduplicated-cond -Wimplicit-function-declaration -Wimplicit-int -Wmisleading-indentation -Wpointer-arith -Wwrite-strings -Wold-style-definition -Wimplicit-fallthrough=0 -Wmissing-noreturn -Wno-cast-function-type -Wno-constant-logical-operand -Wno-long-long -Wno-missing-field-initializers -Wno-overlength-strings -Wno-packed-bitfield-compat -Wno-parentheses-equality -Wno-self-assign -Wno-tautological-compare -Wno-unused-parameter -Wno-unused-value -Wsuggest-attribute=format -Wsuggest-attribute=noreturn -Wunused-variable -Wundef  -fPIC   -c conftest.c"
checked program was:
/* begin */
1: #include "ruby.h"
2: 
3: #include <regex.h>
/* end */

--------------------

have_header: checking for stdlib.h... -------------------- yes

LD_LIBRARY_PATH=.:/home/daniele/.rbenv/versions/3.1.4/lib "gcc -I/home/daniele/.rbenv/versions/3.1.4/include/ruby-3.1.0/x86_64-linux -I/home/daniele/.rbenv/versions/3.1.4/include/ruby-3.1.0/ruby/backward -I/home/daniele/.rbenv/versions/3.1.4/include/ruby-3.1.0 -I../../../../ext/securescan    -O3 -fno-fast-math -ggdb3 -Wall -Wextra -Wdeprecated-declarations -Wduplicated-cond -Wimplicit-function-declaration -Wimplicit-int -Wmisleading-indentation -Wpointer-arith -Wwrite-strings -Wold-style-definition -Wimplicit-fallthrough=0 -Wmissing-noreturn -Wno-cast-function-type -Wno-constant-logical-operand -Wno-long-long -Wno-missing-field-initializers -Wno-overlength-strings -Wno-packed-bitfield-compat -Wno-parentheses-equality -Wno-self-assign -Wno-tautological-compare -Wno-unused-parameter -Wno-unused-value -Wsuggest-attribute=format -Wsuggest-attribute=noreturn -Wunused-variable -Wundef  -fPIC   -c conftest.c"
checked program was:
/* begin */
1: #include "ruby.h"
2: 
3: #include <stdlib.h>
/* end */

--------------------

have_header: checking for string.h... -------------------- yes

LD_LIBRARY_PATH=.:/home/daniele/.rbenv/versions/3.1.4/lib "gcc -I/home/daniele/.rbenv/versions/3.1.4/include/ruby-3.1.0/x86_64-linux -I/home/daniele/.rbenv/versions/3.1.4/include/ruby-3.1.0/ruby/backward -I/home/daniele/.rbenv/versions/3.1.4/include/ruby-3.1.0 -I../../../../ext/securescan    -O3 -fno-fast-math -ggdb3 -Wall -Wextra -Wdeprecated-declarations -Wduplicated-cond -Wimplicit-function-declaration -Wimplicit-int -Wmisleading-indentation -Wpointer-arith -Wwrite-strings -Wold-style-definition -Wimplicit-fallthrough=0 -Wmissing-noreturn -Wno-cast-function-type -Wno-constant-logical-operand -Wno-long-long -Wno-missing-field-initializers -Wno-overlength-strings -Wno-packed-bitfield-compat -Wno-parentheses-equality -Wno-self-assign -Wno-tautological-compare -Wno-unused-parameter -Wno-unused-value -Wsuggest-attribute=format -Wsuggest-attribute=noreturn -Wunused-variable -Wundef  -fPIC   -c conftest.c"
checked program was:
/* begin */
1: #include "ruby.h"
2: 
3: #include <string.h>
/* end */

--------------------

